<?xml version="1.0" encoding="UTF-8"?>
<coverage generated="1703162882">
  <project timestamp="1703162882">
    <file name="/app/src/FaultCodeExceptionFactory.php">
      <class name="rocketfellows\ViesVatValidationInterface\FaultCodeExceptionFactory" namespace="global">
        <metrics complexity="13" methods="1" coveredmethods="1" conditionals="0" coveredconditionals="0" statements="23" coveredstatements="23" elements="24" coveredelements="24"/>
      </class>
      <line num="21" type="method" name="create" visibility="public" complexity="13" crap="13" count="13"/>
      <line num="24" type="stmt" count="13"/>
      <line num="25" type="stmt" count="1"/>
      <line num="26" type="stmt" count="12"/>
      <line num="27" type="stmt" count="1"/>
      <line num="28" type="stmt" count="11"/>
      <line num="29" type="stmt" count="1"/>
      <line num="30" type="stmt" count="10"/>
      <line num="31" type="stmt" count="1"/>
      <line num="32" type="stmt" count="9"/>
      <line num="33" type="stmt" count="1"/>
      <line num="34" type="stmt" count="8"/>
      <line num="35" type="stmt" count="1"/>
      <line num="36" type="stmt" count="7"/>
      <line num="37" type="stmt" count="1"/>
      <line num="38" type="stmt" count="6"/>
      <line num="39" type="stmt" count="1"/>
      <line num="40" type="stmt" count="5"/>
      <line num="41" type="stmt" count="1"/>
      <line num="42" type="stmt" count="4"/>
      <line num="43" type="stmt" count="1"/>
      <line num="44" type="stmt" count="3"/>
      <line num="45" type="stmt" count="1"/>
      <line num="47" type="stmt" count="2"/>
      <metrics loc="51" ncloc="51" classes="1" methods="1" coveredmethods="1" conditionals="0" coveredconditionals="0" statements="23" coveredstatements="23" elements="24" coveredelements="24"/>
    </file>
    <file name="/app/src/FaultCodes.php">
      <metrics loc="19" ncloc="19" classes="0" methods="0" coveredmethods="0" conditionals="0" coveredconditionals="0" statements="0" coveredstatements="0" elements="0" coveredelements="0"/>
    </file>
    <file name="/app/src/VatNumber.php">
      <class name="rocketfellows\ViesVatValidationInterface\VatNumber" namespace="global">
        <metrics complexity="4" methods="4" coveredmethods="4" conditionals="0" coveredconditionals="0" statements="5" coveredstatements="5" elements="9" coveredelements="9"/>
      </class>
      <line num="10" type="method" name="__construct" visibility="public" complexity="1" crap="1" count="4"/>
      <line num="12" type="stmt" count="4"/>
      <line num="13" type="stmt" count="4"/>
      <line num="16" type="method" name="create" visibility="public" complexity="1" crap="1" count="2"/>
      <line num="18" type="stmt" count="2"/>
      <line num="21" type="method" name="getCountryCode" visibility="public" complexity="1" crap="1" count="18"/>
      <line num="23" type="stmt" count="18"/>
      <line num="26" type="method" name="getVatNumber" visibility="public" complexity="1" crap="1" count="18"/>
      <line num="28" type="stmt" count="18"/>
      <metrics loc="31" ncloc="31" classes="1" methods="4" coveredmethods="4" conditionals="0" coveredconditionals="0" statements="5" coveredstatements="5" elements="9" coveredelements="9"/>
    </file>
    <file name="/app/src/VatNumberValidationResult.php">
      <class name="rocketfellows\ViesVatValidationInterface\VatNumberValidationResult" namespace="global">
        <metrics complexity="11" methods="9" coveredmethods="9" conditionals="0" coveredconditionals="0" statements="21" coveredstatements="21" elements="30" coveredelements="30"/>
      </class>
      <line num="16" type="method" name="__construct" visibility="public" complexity="1" crap="1" count="16"/>
      <line num="23" type="stmt" count="16"/>
      <line num="24" type="stmt" count="16"/>
      <line num="25" type="stmt" count="16"/>
      <line num="26" type="stmt" count="16"/>
      <line num="27" type="stmt" count="16"/>
      <line num="30" type="method" name="create" visibility="public" complexity="1" crap="1" count="8"/>
      <line num="37" type="stmt" count="8"/>
      <line num="38" type="stmt" count="8"/>
      <line num="39" type="stmt" count="8"/>
      <line num="40" type="stmt" count="8"/>
      <line num="41" type="stmt" count="8"/>
      <line num="42" type="stmt" count="8"/>
      <line num="43" type="stmt" count="8"/>
      <line num="46" type="method" name="getVatNumber" visibility="public" complexity="1" crap="1" count="16"/>
      <line num="48" type="stmt" count="16"/>
      <line num="51" type="method" name="getCountryCode" visibility="public" complexity="1" crap="1" count="16"/>
      <line num="53" type="stmt" count="16"/>
      <line num="56" type="method" name="getRequestDateString" visibility="public" complexity="1" crap="1" count="16"/>
      <line num="58" type="stmt" count="16"/>
      <line num="61" type="method" name="getRequestDate" visibility="public" complexity="3" crap="3" count="16"/>
      <line num="64" type="stmt" count="16"/>
      <line num="65" type="stmt" count="2"/>
      <line num="66" type="stmt" count="2"/>
      <line num="70" type="method" name="isValid" visibility="public" complexity="1" crap="1" count="16"/>
      <line num="72" type="stmt" count="16"/>
      <line num="75" type="method" name="getName" visibility="public" complexity="1" crap="1" count="16"/>
      <line num="77" type="stmt" count="16"/>
      <line num="80" type="method" name="getAddress" visibility="public" complexity="1" crap="1" count="16"/>
      <line num="82" type="stmt" count="16"/>
      <metrics loc="85" ncloc="85" classes="1" methods="9" coveredmethods="9" conditionals="0" coveredconditionals="0" statements="21" coveredstatements="21" elements="30" coveredelements="30"/>
    </file>
    <file name="/app/src/VatNumberValidationServiceInterface.php">
      <metrics loc="38" ncloc="23" classes="0" methods="0" coveredmethods="0" conditionals="0" coveredconditionals="0" statements="0" coveredstatements="0" elements="0" coveredelements="0"/>
    </file>
    <file name="/app/src/exceptions/service/ServiceRequestException.php">
      <class name="rocketfellows\ViesVatValidationInterface\exceptions\service\ServiceRequestException" namespace="global">
        <metrics complexity="0" methods="0" coveredmethods="0" conditionals="0" coveredconditionals="0" statements="0" coveredstatements="0" elements="0" coveredelements="0"/>
      </class>
      <metrics loc="8" ncloc="8" classes="0" methods="0" coveredmethods="0" conditionals="0" coveredconditionals="0" statements="0" coveredstatements="0" elements="0" coveredelements="0"/>
    </file>
    <metrics files="6" loc="232" ncloc="217" classes="3" methods="14" coveredmethods="14" conditionals="0" coveredconditionals="0" statements="49" coveredstatements="49" elements="63" coveredelements="63"/>
  </project>
</coverage>
